#
# A fatal error has been detected by the Java Runtime Environment:
#
#  SIGSEGV (0xb) at pc=0x00007f562ad8e401, pid=64, tid=118
#
# JRE version: OpenJDK Runtime Environment (11.0.8+10) (build 11.0.8+10-post-Ubuntu-0ubuntu118.04.1)
# Java VM: OpenJDK 64-Bit Server VM (11.0.8+10-post-Ubuntu-0ubuntu118.04.1, mixed mode, sharing, tiered, compressed oops, serial gc, linux-amd64)
# Problematic frame:
# C  [libjimage.so+0x2401]
#
# Core dump will be written. Default location: Core dumps may be processed with "/usr/share/apport/apport %p %s %c %d %P %E" (or dumping to /home/runner/a8q3-rahmd0012/core.64)
#
# If you would like to submit a bug report, please visit:
#   https://bugs.launchpad.net/ubuntu/+source/openjdk-lts
#

---------------  S U M M A R Y ------------

Command Line: Main

Host: Intel(R) Xeon(R) CPU @ 2.30GHz, 4 cores, 512M, Ubuntu 18.04.5 LTS
Time: Fri Oct 30 14:08:50 2020 UTC elapsed time: 235 seconds (0d 0h 3m 55s)

---------------  T H R E A D  ---------------

Current thread (0x00007f55c0001000):  JavaThread "XToolkt-Shutdown-Thread" [_thread_in_vm, id=118, stack(0x00007f5623eff000,0x00007f5624000000)]

Stack: [0x00007f5623eff000,0x00007f5624000000],  sp=0x00007f5623ffd060,  free space=1016k
Native frames: (J=compiled Java code, A=aot compiled Java code, j=interpreted, Vv=VM code, C=native code)
C  [libjimage.so+0x2401]
C  [libjimage.so+0x30ea]
C  [libjimage.so+0x35c6]  JIMAGE_FindResource+0xd6
V  [libjvm.so+0x59097e]
V  [libjvm.so+0x5936e0]
V  [libjvm.so+0xd50b85]
V  [libjvm.so+0xd4e51a]
V  [libjvm.so+0xd51112]
V  [libjvm.so+0x647127]
V  [libjvm.so+0xa3c57a]
V  [libjvm.so+0x844136]
V  [libjvm.so+0x84502d]
j  sun.awt.X11.XToolkit.lambda$init$0()V+0 java.desktop@11.0.8
j  sun.awt.X11.XToolkit$$Lambda$9.run()V+4 java.desktop@11.0.8
j  java.lang.Thread.run()V+11 java.base@11.0.8
v  ~StubRoutines::call_stub
V  [libjvm.so+0x84eb09]
V  [libjvm.so+0x84cc4d]
V  [libjvm.so+0x8f6c9c]
V  [libjvm.so+0xd8996f]
V  [libjvm.so+0xd860bf]
V  [libjvm.so+0xbd632e]

Java frames: (J=compiled Java code, j=interpreted, Vv=VM code)
j  sun.awt.X11.XToolkit.lambda$init$0()V+0 java.desktop@11.0.8
j  sun.awt.X11.XToolkit$$Lambda$9.run()V+4 java.desktop@11.0.8
j  java.lang.Thread.run()V+11 java.base@11.0.8
v  ~StubRoutines::call_stub

siginfo: si_signo: 11 (SIGSEGV), si_code: 1 (SEGV_MAPERR), si_addr: 0x00007f561b904ca8

Register to memory mapping:

RAX=0x0000000000000b23 is an unknown value
RBX=0x00007f5623ffd111 is pointing into the stack for thread: 0x00007f55c0001000
RCX=0x00007f561b90201c is an unknown value
RDX=0x0000000000000b23 is an unknown value
RSP=0x00007f5623ffd060 is pointing into the stack for thread: 0x00007f55c0001000
RBP=0x00007f5623ffd080 is pointing into the stack for thread: 0x00007f55c0001000
RSI=0x00007f5623ffd110 is pointing into the stack for thread: 0x00007f55c0001000
RDI=0x00007f562af91030: <offset 0x0000000000205030> in /usr/lib/jvm/java-11-openjdk-amd64/lib/libjimage.so at 0x00007f562ad8c000
R8 =0x0 is NULL
R9 =0x00000000ca0d71f0 is an unknown value
R10=0x00007f5623ffd134 is pointing into the stack for thread: 0x00007f55c0001000
R11=0x00007f562cdc707d: <offset 0x0000000000eb307d> in /usr/lib/jvm/java-11-openjdk-amd64/lib/server/libjvm.so at 0x00007f562bf14000
R12=0x00007f5623ffd110 is pointing into the stack for thread: 0x00007f55c0001000
R13=0x00000000000083bc is an unknown value
R14=0x00007f5623ffe1a8 is pointing into the stack for thread: 0x00007f55c0001000
R15=0x00007f55fc363a00 points into unknown readable memory: 73 75 6e 2f 61 77 74 2f


Registers:
RAX=0x0000000000000b23, RBX=0x00007f5623ffd111, RCX=0x00007f561b90201c, RDX=0x0000000000000b23
RSP=0x00007f5623ffd060, RBP=0x00007f5623ffd080, RSI=0x00007f5623ffd110, RDI=0x00007f562af91030
R8 =0x0000000000000000, R9 =0x00000000ca0d71f0, R10=0x00007f5623ffd134, R11=0x00007f562cdc707d
R12=0x00007f5623ffd110, R13=0x00000000000083bc, R14=0x00007f5623ffe1a8, R15=0x00007f55fc363a00
RIP=0x00007f562ad8e401, EFLAGS=0x0000000000010246, CSGSFS=0x002b000000000033, ERR=0x0000000000000004
  TRAPNO=0x000000000000000e

Top of Stack: (sp=0x00007f5623ffd060)
0x00007f5623ffd060:   0000000000000000 00007f5624009600
0x00007f5623ffd070:   0000000000000000 00007f5623ffd110
0x00007f5623ffd080:   00007f5623ffd0f0 00007f562ad8f0ea
0x00007f5623ffd090:   0000000000000000 0000000000000000 

Instructions: (pc=0x00007f562ad8e401)
0x00007f562ad8e301:   c5 4c 01 e3 48 89 ce e8 d3 f3 ff ff e9 69 fd ff
0x00007f562ad8e311:   ff 89 d1 0f b7 74 08 fe 66 41 89 74 0e fe e9 7a
0x00007f562ad8e321:   fe ff ff 0f 1f 40 00 8b 08 49 8d 1c 16 41 89 0e
0x00007f562ad8e331:   89 d1 8b 74 08 fc 41 89 74 0e fc 48 8d 34 10 48
0x00007f562ad8e341:   89 75 b8 e9 0b fe ff ff 0f 1f 80 00 00 00 00 0f
0x00007f562ad8e351:   b6 17 55 89 f0 48 89 e5 84 d2 74 22 48 8d 4f 01
0x00007f562ad8e361:   0f 1f 80 00 00 00 00 48 83 c1 01 0f b6 f2 0f b6
0x00007f562ad8e371:   51 ff 69 c0 93 01 00 01 31 f0 84 d2 75 e9 25 ff
0x00007f562ad8e381:   ff ff 7f 5d c3 66 2e 0f 1f 84 00 00 00 00 00 48
0x00007f562ad8e391:   85 d2 0f 84 dd 00 00 00 85 c9 0f 84 d5 00 00 00
0x00007f562ad8e3a1:   55 48 89 e5 41 55 41 54 53 48 8d 5e 01 48 83 ec
0x00007f562ad8e3b1:   08 44 0f b6 06 45 84 c0 0f 84 a9 00 00 00 49 89
0x00007f562ad8e3c1:   da b8 93 01 00 01 66 0f 1f 84 00 00 00 00 00 49
0x00007f562ad8e3d1:   83 c2 01 44 69 c8 93 01 00 01 41 0f b6 c0 45 0f
0x00007f562ad8e3e1:   b6 42 ff 44 31 c8 45 84 c0 75 e4 25 ff ff ff 7f
0x00007f562ad8e3f1:   41 89 cd 48 89 d1 31 d2 41 f7 f5 49 89 f4 89 d0
0x00007f562ad8e401:   8b 34 81 48 8b 07 ff 50 20 83 f8 00 7e 41 41 0f
0x00007f562ad8e411:   